<?xml version="1.0" encoding="UTF-8"?>
<testng-results skipped="0" failed="0" ignored="0" total="0" passed="0">
  <reporter-output>
  </reporter-output>
  <suite name="Cucumber Framework" duration-ms="37526" started-at="2019-02-27T12:56:31Z" finished-at="2019-02-27T12:57:09Z">
    <groups>
    </groups>
    <test name="Cucumber Tests" duration-ms="37526" started-at="2019-02-27T12:56:31Z" finished-at="2019-02-27T12:57:09Z">
    </test> <!-- Cucumber Tests -->
  </suite> <!-- Cucumber Framework -->
</testng-results>
